<?xml version="1.0" encoding="UTF-8"?>
<!-- Generated by org.testng.reporters.JUnitReportReporter -->
<testsuite hostname="LAPTOP-NI0RSP8F" failures="0" tests="3" name="test_firstMaven.test_class1" time="0.012" errors="0" timestamp="2022-05-01T02:01:40 IST" skipped="0">
  <testcase classname="test_firstMaven.test_class1" name="TestCase_03" time="0.003"/>
  <system-out/>
  <testcase classname="test_firstMaven.test_class1" name="TestCase_02" time="0.003"/>
  <system-out/>
  <testcase classname="test_firstMaven.test_class1" name="TestCase_01" time="0.006"/>
  <system-out/>
</testsuite> <!-- test_firstMaven.test_class1 -->
